# JRE version: Java(TM) SE Runtime Environment (8.0_51-b16) (build 1.8.0_51-b16)
# Java VM: Java HotSpot(TM) 64-Bit Server VM (25.51-b03 mixed mode windows-amd64 compressed oops)
Heap:
 garbage-first heap   total 1867776K, used 875915K [0x0000000080000000, 0x00000000820001c8, 0x0000000100000000)
  region size 32768K, 4 young (131072K), 2 survivors (65536K)
 Metaspace       used 79179K, capacity 89460K, committed 89600K, reserved 1126400K
  class space    used 11143K, capacity 13529K, committed 13620K, reserved 1048576K
GC Heap History (10 events):
Event: 35.296 GC heap before
{Heap before GC invocations=87 (full 0):
 garbage-first heap   total 1867776K, used 441735K [0x0000000080000000, 0x00000000820001c8, 0x0000000100000000)
  region size 32768K, 3 young (98304K), 1 survivors (32768K)
 Metaspace       used 59438K, capacity 64942K, committed 65024K, reserved 1103872K
  class space    used 8253K, capacity 9721K, committed 9780K, reserved 1048576K
Event: 35.319 GC heap after
Heap after GC invocations=88 (full 0):
 garbage-first heap   total 1867776K, used 408195K [0x0000000080000000, 0x00000000820001c8, 0x0000000100000000)
  region size 32768K, 1 young (32768K), 1 survivors (32768K)
 Metaspace       used 59438K, capacity 64942K, committed 65024K, reserved 1103872K
  class space    used 8253K, capacity 9721K, committed 9780K, reserved 1048576K
}
Event: 44.504 GC heap before
{Heap before GC invocations=89 (full 0):
 garbage-first heap   total 1867776K, used 1424003K [0x0000000080000000, 0x00000000820001c8, 0x0000000100000000)
  region size 32768K, 32 young (1048576K), 1 survivors (32768K)
 Metaspace       used 66238K, capacity 74024K, committed 74368K, reserved 1112064K
  class space    used 9378K, capacity 11318K, committed 11444K, reserved 1048576K
Event: 44.540 GC heap after
Heap after GC invocations=90 (full 0):
 garbage-first heap   total 1867776K, used 437403K [0x0000000080000000, 0x00000000820001c8, 0x0000000100000000)
  region size 32768K, 2 young (65536K), 2 survivors (65536K)
 Metaspace       used 66238K, capacity 74024K, committed 74368K, reserved 1112064K
  class space    used 9378K, capacity 11318K, committed 11444K, reserved 1048576K
}
Event: 47.015 GC heap before
{Heap before GC invocations=90 (full 0):
 garbage-first heap   total 1867776K, used 732315K [0x0000000080000000, 0x00000000820001c8, 0x0000000100000000)
  region size 32768K, 11 young (360448K), 2 survivors (65536K)
 Metaspace       used 74560K, capacity 83922K, committed 84096K, reserved 1120256K
  class space    used 10478K, capacity 12672K, committed 12724K, reserved 1048576K
Event: 47.084 GC heap after
Heap after GC invocations=91 (full 0):
 garbage-first heap   total 1867776K, used 453414K [0x0000000080000000, 0x00000000820001c8, 0x0000000100000000)
  region size 32768K, 2 young (65536K), 2 survivors (65536K)
 Metaspace       used 74560K, capacity 83922K, committed 84096K, reserved 1120256K
  class space    used 10478K, capacity 12672K, committed 12724K, reserved 1048576K
}
Event: 48.207 GC heap before
{Heap before GC invocations=91 (full 0):
 garbage-first heap   total 1867776K, used 748326K [0x0000000080000000, 0x00000000820001c8, 0x0000000100000000)
  region size 32768K, 11 young (360448K), 2 survivors (65536K)
 Metaspace       used 78425K, capacity 88436K, committed 88704K, reserved 1124352K
  class space    used 11044K, capacity 13397K, committed 13492K, reserved 1048576K
Event: 48.332 GC heap after
Heap after GC invocations=92 (full 0):
 garbage-first heap   total 1867776K, used 561950K [0x0000000080000000, 0x00000000820001c8, 0x0000000100000000)
  region size 32768K, 2 young (65536K), 2 survivors (65536K)
 Metaspace       used 78425K, capacity 88436K, committed 88704K, reserved 1124352K
  class space    used 11044K, capacity 13397K, committed 13492K, reserved 1048576K
}
Event: 49.703 GC heap before
{Heap before GC invocations=92 (full 0):
 garbage-first heap   total 1867776K, used 856862K [0x0000000080000000, 0x00000000820001c8, 0x0000000100000000)
  region size 32768K, 11 young (360448K), 2 survivors (65536K)
 Metaspace       used 79107K, capacity 89354K, committed 89600K, reserved 1126400K
  class space    used 11132K, capacity 13514K, committed 13620K, reserved 1048576K
Event: 49.811 GC heap after
Heap after GC invocations=93 (full 0):
 garbage-first heap   total 1867776K, used 726189K [0x0000000080000000, 0x00000000820001c8, 0x0000000100000000)
  region size 32768K, 2 young (65536K), 2 survivors (65536K)
 Metaspace       used 79107K, capacity 89354K, committed 89600K, reserved 1126400K
  class space    used 11132K, capacity 13514K, committed 13620K, reserved 1048576K
}

