# JRE version: Java(TM) SE Runtime Environment (8.0_51-b16) (build 1.8.0_51-b16)
# Java VM: Java HotSpot(TM) 64-Bit Server VM (25.51-b03 mixed mode windows-amd64 compressed oops)
Heap:
 garbage-first heap   total 2031616K, used 904084K [0x0000000080000000, 0x00000000820001f0, 0x0000000100000000)
  region size 32768K, 7 young (229376K), 2 survivors (65536K)
 Metaspace       used 79657K, capacity 90128K, committed 90368K, reserved 1126400K
  class space    used 11163K, capacity 13587K, committed 13620K, reserved 1048576K
GC Heap History (10 events):
Event: 364.359 GC heap before
{Heap before GC invocations=93 (full 0):
 garbage-first heap   total 2031616K, used 725525K [0x0000000080000000, 0x00000000820001f0, 0x0000000100000000)
  region size 32768K, 12 young (393216K), 1 survivors (32768K)
 Metaspace       used 62541K, capacity 69227K, committed 69456K, reserved 1107968K
  class space    used 8666K, capacity 10320K, committed 10320K, reserved 1048576K
Event: 364.397 GC heap after
Heap after GC invocations=94 (full 0):
 garbage-first heap   total 2031616K, used 403570K [0x0000000080000000, 0x00000000820001f0, 0x0000000100000000)
  region size 32768K, 2 young (65536K), 2 survivors (65536K)
 Metaspace       used 62541K, capacity 69227K, committed 69456K, reserved 1107968K
  class space    used 8666K, capacity 10320K, committed 10320K, reserved 1048576K
}
Event: 371.252 GC heap before
{Heap before GC invocations=95 (full 0):
 garbage-first heap   total 2031616K, used 1484914K [0x0000000080000000, 0x00000000820001f0, 0x0000000100000000)
  region size 32768K, 35 young (1146880K), 2 survivors (65536K)
 Metaspace       used 68107K, capacity 76262K, committed 76416K, reserved 1114112K
  class space    used 9590K, capacity 11596K, committed 11700K, reserved 1048576K
Event: 371.307 GC heap after
Heap after GC invocations=96 (full 0):
 garbage-first heap   total 2031616K, used 438304K [0x0000000080000000, 0x00000000820001f0, 0x0000000100000000)
  region size 32768K, 2 young (65536K), 2 survivors (65536K)
 Metaspace       used 68107K, capacity 76262K, committed 76416K, reserved 1114112K
  class space    used 9590K, capacity 11596K, committed 11700K, reserved 1048576K
}
Event: 375.094 GC heap before
{Heap before GC invocations=97 (full 0):
 garbage-first heap   total 2031616K, used 765984K [0x0000000080000000, 0x00000000820001f0, 0x0000000100000000)
  region size 32768K, 12 young (393216K), 2 survivors (65536K)
 Metaspace       used 77676K, capacity 87504K, committed 87680K, reserved 1124352K
  class space    used 10895K, capacity 13179K, committed 13236K, reserved 1048576K
Event: 375.141 GC heap after
Heap after GC invocations=98 (full 0):
 garbage-first heap   total 2031616K, used 470467K [0x0000000080000000, 0x00000000820001f0, 0x0000000100000000)
  region size 32768K, 2 young (65536K), 2 survivors (65536K)
 Metaspace       used 77676K, capacity 87504K, committed 87680K, reserved 1124352K
  class space    used 10895K, capacity 13179K, committed 13236K, reserved 1048576K
}
Event: 376.529 GC heap before
{Heap before GC invocations=98 (full 0):
 garbage-first heap   total 2031616K, used 798147K [0x0000000080000000, 0x00000000820001f0, 0x0000000100000000)
  region size 32768K, 12 young (393216K), 2 survivors (65536K)
 Metaspace       used 79156K, capacity 89512K, committed 89728K, reserved 1126400K
  class space    used 11094K, capacity 13485K, committed 13492K, reserved 1048576K
Event: 376.638 GC heap after
Heap after GC invocations=99 (full 0):
 garbage-first heap   total 2031616K, used 549126K [0x0000000080000000, 0x00000000820001f0, 0x0000000100000000)
  region size 32768K, 2 young (65536K), 2 survivors (65536K)
 Metaspace       used 79156K, capacity 89512K, committed 89728K, reserved 1126400K
  class space    used 11094K, capacity 13485K, committed 13492K, reserved 1048576K
}
Event: 377.588 GC heap before
{Heap before GC invocations=99 (full 0):
 garbage-first heap   total 2031616K, used 876806K [0x0000000080000000, 0x00000000820001f0, 0x0000000100000000)
  region size 32768K, 13 young (425984K), 2 survivors (65536K)
 Metaspace       used 79600K, capacity 90096K, committed 90368K, reserved 1126400K
  class space    used 11155K, capacity 13577K, committed 13620K, reserved 1048576K
Event: 377.708 GC heap after
Heap after GC invocations=100 (full 0):
 garbage-first heap   total 2031616K, used 742660K [0x0000000080000000, 0x00000000820001f0, 0x0000000100000000)
  region size 32768K, 2 young (65536K), 2 survivors (65536K)
 Metaspace       used 79600K, capacity 90096K, committed 90368K, reserved 1126400K
  class space    used 11155K, capacity 13577K, committed 13620K, reserved 1048576K
}

