# JRE version: Java(TM) SE Runtime Environment (8.0_51-b16) (build 1.8.0_51-b16)
# Java VM: Java HotSpot(TM) 64-Bit Server VM (25.51-b03 mixed mode windows-amd64 compressed oops)
Heap:
 garbage-first heap   total 1998848K, used 1097728K [0x0000000080000000, 0x00000000820001e8, 0x0000000100000000)
  region size 32768K, 10 young (327680K), 2 survivors (65536K)
 Metaspace       used 79180K, capacity 89507K, committed 89600K, reserved 1126400K
  class space    used 11150K, capacity 13548K, committed 13612K, reserved 1048576K
GC Heap History (10 events):
Event: 31.296 GC heap before
{Heap before GC invocations=81 (full 0):
 garbage-first heap   total 1998848K, used 1442641K [0x0000000080000000, 0x00000000820001e8, 0x0000000100000000)
  region size 32768K, 35 young (1146880K), 3 survivors (98304K)
 Metaspace       used 58960K, capacity 64403K, committed 64640K, reserved 1103872K
  class space    used 8173K, capacity 9625K, committed 9644K, reserved 1048576K
Event: 31.332 GC heap after
Heap after GC invocations=82 (full 0):
 garbage-first heap   total 1998848K, used 372997K [0x0000000080000000, 0x00000000820001e8, 0x0000000100000000)
  region size 32768K, 3 young (98304K), 3 survivors (98304K)
 Metaspace       used 58960K, capacity 64403K, committed 64640K, reserved 1103872K
  class space    used 8173K, capacity 9625K, committed 9644K, reserved 1048576K
}
Event: 33.675 GC heap before
{Heap before GC invocations=82 (full 0):
 garbage-first heap   total 1998848K, used 962821K [0x0000000080000000, 0x00000000820001e8, 0x0000000100000000)
  region size 32768K, 22 young (720896K), 3 survivors (98304K)
 Metaspace       used 59461K, capacity 64905K, committed 65024K, reserved 1103872K
  class space    used 8252K, capacity 9706K, committed 9772K, reserved 1048576K
Event: 33.723 GC heap after
Heap after GC invocations=83 (full 0):
 garbage-first heap   total 1998848K, used 385305K [0x0000000080000000, 0x00000000820001e8, 0x0000000100000000)
  region size 32768K, 3 young (98304K), 3 survivors (98304K)
 Metaspace       used 59461K, capacity 64905K, committed 65024K, reserved 1103872K
  class space    used 8252K, capacity 9706K, committed 9772K, reserved 1048576K
}
Event: 56.601 GC heap before
{Heap before GC invocations=84 (full 0):
 garbage-first heap   total 1998848K, used 1433881K [0x0000000080000000, 0x00000000820001e8, 0x0000000100000000)
  region size 32768K, 35 young (1146880K), 3 survivors (98304K)
 Metaspace       used 66340K, capacity 74147K, committed 74240K, reserved 1112064K
  class space    used 9378K, capacity 11307K, committed 11308K, reserved 1048576K
Event: 56.658 GC heap after
Heap after GC invocations=85 (full 0):
 garbage-first heap   total 1998848K, used 420766K [0x0000000080000000, 0x00000000820001e8, 0x0000000100000000)
  region size 32768K, 4 young (131072K), 4 survivors (131072K)
 Metaspace       used 66340K, capacity 74147K, committed 74240K, reserved 1112064K
  class space    used 9378K, capacity 11307K, committed 11308K, reserved 1048576K
}
Event: 61.824 GC heap before
{Heap before GC invocations=85 (full 0):
 garbage-first heap   total 1998848K, used 1305502K [0x0000000080000000, 0x00000000820001e8, 0x0000000100000000)
  region size 32768K, 31 young (1015808K), 4 survivors (131072K)
 Metaspace       used 78459K, capacity 88507K, committed 88704K, reserved 1124352K
  class space    used 11051K, capacity 13380K, committed 13484K, reserved 1048576K
Event: 62.058 GC heap after
Heap after GC invocations=86 (full 0):
 garbage-first heap   total 1998848K, used 681920K [0x0000000080000000, 0x00000000820001e8, 0x0000000100000000)
  region size 32768K, 4 young (131072K), 4 survivors (131072K)
 Metaspace       used 78459K, capacity 88507K, committed 88704K, reserved 1124352K
  class space    used 11051K, capacity 13380K, committed 13484K, reserved 1048576K
}
Event: 63.405 GC heap before
{Heap before GC invocations=86 (full 0):
 garbage-first heap   total 1998848K, used 944064K [0x0000000080000000, 0x00000000820001e8, 0x0000000100000000)
  region size 32768K, 12 young (393216K), 4 survivors (131072K)
 Metaspace       used 78780K, capacity 89019K, committed 89216K, reserved 1124352K
  class space    used 11086K, capacity 13452K, committed 13484K, reserved 1048576K
Event: 63.590 GC heap after
Heap after GC invocations=87 (full 0):
 garbage-first heap   total 1998848K, used 868352K [0x0000000080000000, 0x00000000820001e8, 0x0000000100000000)
  region size 32768K, 2 young (65536K), 2 survivors (65536K)
 Metaspace       used 78780K, capacity 89019K, committed 89216K, reserved 1124352K
  class space    used 11086K, capacity 13452K, committed 13484K, reserved 1048576K
}

