# JRE version: Java(TM) SE Runtime Environment (8.0_51-b16) (build 1.8.0_51-b16)
# Java VM: Java HotSpot(TM) 64-Bit Server VM (25.51-b03 mixed mode windows-amd64 compressed oops)
Heap:
 garbage-first heap   total 1933312K, used 937061K [0x0000000080000000, 0x00000000820001d8, 0x0000000100000000)
  region size 32768K, 11 young (360448K), 2 survivors (65536K)
 Metaspace       used 79258K, capacity 89595K, committed 89804K, reserved 1126400K
  class space    used 11146K, capacity 13546K, committed 13568K, reserved 1048576K
GC Heap History (10 events):
Event: 30.924 GC heap before
{Heap before GC invocations=85 (full 0):
 garbage-first heap   total 1933312K, used 813432K [0x0000000080000000, 0x00000000820001d8, 0x0000000100000000)
  region size 32768K, 17 young (557056K), 3 survivors (98304K)
 Metaspace       used 59457K, capacity 64969K, committed 65024K, reserved 1103872K
  class space    used 8264K, capacity 9738K, committed 9780K, reserved 1048576K
Event: 30.965 GC heap after
Heap after GC invocations=86 (full 0):
 garbage-first heap   total 1933312K, used 390148K [0x0000000080000000, 0x00000000820001d8, 0x0000000100000000)
  region size 32768K, 3 young (98304K), 3 survivors (98304K)
 Metaspace       used 59457K, capacity 64969K, committed 65024K, reserved 1103872K
  class space    used 8264K, capacity 9738K, committed 9780K, reserved 1048576K
}
Event: 43.842 GC heap before
{Heap before GC invocations=87 (full 0):
 garbage-first heap   total 1933312K, used 1405956K [0x0000000080000000, 0x00000000820001d8, 0x0000000100000000)
  region size 32768K, 34 young (1114112K), 3 survivors (98304K)
 Metaspace       used 66229K, capacity 74013K, committed 74316K, reserved 1112064K
  class space    used 9377K, capacity 11314K, committed 11392K, reserved 1048576K
Event: 43.911 GC heap after
Heap after GC invocations=88 (full 0):
 garbage-first heap   total 1933312K, used 439537K [0x0000000080000000, 0x00000000820001d8, 0x0000000100000000)
  region size 32768K, 4 young (131072K), 4 survivors (131072K)
 Metaspace       used 66229K, capacity 74013K, committed 74316K, reserved 1112064K
  class space    used 9377K, capacity 11314K, committed 11392K, reserved 1048576K
}
Event: 45.559 GC heap before
{Heap before GC invocations=89 (full 0):
 garbage-first heap   total 1933312K, used 668913K [0x0000000080000000, 0x00000000820001d8, 0x0000000100000000)
  region size 32768K, 11 young (360448K), 4 survivors (131072K)
 Metaspace       used 70079K, capacity 78665K, committed 78796K, reserved 1116160K
  class space    used 9872K, capacity 11959K, committed 12032K, reserved 1048576K
Event: 45.627 GC heap after
Heap after GC invocations=90 (full 0):
 garbage-first heap   total 1933312K, used 454528K [0x0000000080000000, 0x00000000820001d8, 0x0000000100000000)
  region size 32768K, 2 young (65536K), 2 survivors (65536K)
 Metaspace       used 70079K, capacity 78665K, committed 78796K, reserved 1116160K
  class space    used 9872K, capacity 11959K, committed 12032K, reserved 1048576K
}
Event: 48.317 GC heap before
{Heap before GC invocations=90 (full 0):
 garbage-first heap   total 1933312K, used 749440K [0x0000000080000000, 0x00000000820001d8, 0x0000000100000000)
  region size 32768K, 11 young (360448K), 2 survivors (65536K)
 Metaspace       used 78082K, capacity 88147K, committed 88268K, reserved 1124352K
  class space    used 10980K, capacity 13308K, committed 13312K, reserved 1048576K
Event: 48.386 GC heap after
Heap after GC invocations=91 (full 0):
 garbage-first heap   total 1933312K, used 519482K [0x0000000080000000, 0x00000000820001d8, 0x0000000100000000)
  region size 32768K, 2 young (65536K), 2 survivors (65536K)
 Metaspace       used 78082K, capacity 88147K, committed 88268K, reserved 1124352K
  class space    used 10980K, capacity 13308K, committed 13312K, reserved 1048576K
}
Event: 49.747 GC heap before
{Heap before GC invocations=91 (full 0):
 garbage-first heap   total 1933312K, used 814394K [0x0000000080000000, 0x00000000820001d8, 0x0000000100000000)
  region size 32768K, 11 young (360448K), 2 survivors (65536K)
 Metaspace       used 78842K, capacity 89107K, committed 89292K, reserved 1124352K
  class space    used 11078K, capacity 13476K, committed 13568K, reserved 1048576K
Event: 49.851 GC heap after
Heap after GC invocations=92 (full 0):
 garbage-first heap   total 1933312K, used 674917K [0x0000000080000000, 0x00000000820001d8, 0x0000000100000000)
  region size 32768K, 2 young (65536K), 2 survivors (65536K)
 Metaspace       used 78842K, capacity 89107K, committed 89292K, reserved 1124352K
  class space    used 11078K, capacity 13476K, committed 13568K, reserved 1048576K
}

