# JRE version: Java(TM) SE Runtime Environment (8.0_51-b16) (build 1.8.0_51-b16)
# Java VM: Java HotSpot(TM) 64-Bit Server VM (25.51-b03 mixed mode windows-amd64 compressed oops)
Heap:
 garbage-first heap   total 1966080K, used 1293947K [0x0000000080000000, 0x00000000820001e0, 0x0000000100000000)
  region size 32768K, 8 young (262144K), 2 survivors (65536K)
 Metaspace       used 83572K, capacity 95271K, committed 95436K, reserved 1130496K
  class space    used 11473K, capacity 14027K, committed 14056K, reserved 1048576K
GC Heap History (10 events):
Event: 356.159 GC heap before
{Heap before GC invocations=108 (full 0):
 garbage-first heap   total 1966080K, used 1443679K [0x0000000080000000, 0x00000000820001e0, 0x0000000100000000)
  region size 32768K, 20 young (655360K), 3 survivors (98304K)
 Metaspace       used 82768K, capacity 94107K, committed 94284K, reserved 1130496K
  class space    used 11366K, capacity 13853K, committed 13928K, reserved 1048576K
Event: 356.198 GC heap after
Heap after GC invocations=109 (full 0):
 garbage-first heap   total 1966080K, used 883369K [0x0000000080000000, 0x00000000820001e0, 0x0000000100000000)
  region size 32768K, 3 young (98304K), 3 survivors (98304K)
 Metaspace       used 82768K, capacity 94107K, committed 94284K, reserved 1130496K
  class space    used 11366K, capacity 13853K, committed 13928K, reserved 1048576K
}
Event: 363.700 GC heap before
{Heap before GC invocations=109 (full 0):
 garbage-first heap   total 1966080K, used 1178281K [0x0000000080000000, 0x00000000820001e0, 0x0000000100000000)
  region size 32768K, 12 young (393216K), 3 survivors (98304K)
 Metaspace       used 82898K, capacity 94219K, committed 94284K, reserved 1130496K
  class space    used 11374K, capacity 13865K, committed 13928K, reserved 1048576K
Event: 363.738 GC heap after
Heap after GC invocations=110 (full 0):
 garbage-first heap   total 1966080K, used 882019K [0x0000000080000000, 0x00000000820001e0, 0x0000000100000000)
  region size 32768K, 2 young (65536K), 2 survivors (65536K)
 Metaspace       used 82898K, capacity 94219K, committed 94284K, reserved 1130496K
  class space    used 11374K, capacity 13865K, committed 13928K, reserved 1048576K
}
Event: 364.970 GC heap before
{Heap before GC invocations=110 (full 0):
 garbage-first heap   total 1966080K, used 1308003K [0x0000000080000000, 0x00000000820001e0, 0x0000000100000000)
  region size 32768K, 15 young (491520K), 2 survivors (65536K)
 Metaspace       used 82938K, capacity 94299K, committed 94540K, reserved 1130496K
  class space    used 11374K, capacity 13865K, committed 13928K, reserved 1048576K
Event: 365.007 GC heap after
Heap after GC invocations=111 (full 0):
 garbage-first heap   total 1966080K, used 877780K [0x0000000080000000, 0x00000000820001e0, 0x0000000100000000)
  region size 32768K, 2 young (65536K), 2 survivors (65536K)
 Metaspace       used 82938K, capacity 94299K, committed 94540K, reserved 1130496K
  class space    used 11374K, capacity 13865K, committed 13928K, reserved 1048576K
}
Event: 366.028 GC heap before
{Heap before GC invocations=111 (full 0):
 garbage-first heap   total 1966080K, used 1205460K [0x0000000080000000, 0x00000000820001e0, 0x0000000100000000)
  region size 32768K, 12 young (393216K), 2 survivors (65536K)
 Metaspace       used 83469K, capacity 95137K, committed 95180K, reserved 1130496K
  class space    used 11469K, capacity 14020K, committed 14056K, reserved 1048576K
Event: 366.113 GC heap after
Heap after GC invocations=112 (full 0):
 garbage-first heap   total 1966080K, used 943494K [0x0000000080000000, 0x00000000820001e0, 0x0000000100000000)
  region size 32768K, 2 young (65536K), 2 survivors (65536K)
 Metaspace       used 83469K, capacity 95137K, committed 95180K, reserved 1130496K
  class space    used 11469K, capacity 14020K, committed 14056K, reserved 1048576K
}
Event: 367.239 GC heap before
{Heap before GC invocations=112 (full 0):
 garbage-first heap   total 1966080K, used 1271174K [0x0000000080000000, 0x00000000820001e0, 0x0000000100000000)
  region size 32768K, 12 young (393216K), 2 survivors (65536K)
 Metaspace       used 83568K, capacity 95271K, committed 95436K, reserved 1130496K
  class space    used 11473K, capacity 14027K, committed 14056K, reserved 1048576K
Event: 367.377 GC heap after
Heap after GC invocations=113 (full 0):
 garbage-first heap   total 1966080K, used 1130107K [0x0000000080000000, 0x00000000820001e0, 0x0000000100000000)
  region size 32768K, 2 young (65536K), 2 survivors (65536K)
 Metaspace       used 83568K, capacity 95271K, committed 95436K, reserved 1130496K
  class space    used 11473K, capacity 14027K, committed 14056K, reserved 1048576K
}

