# JRE version: Java(TM) SE Runtime Environment (8.0_51-b16) (build 1.8.0_51-b16)
# Java VM: Java HotSpot(TM) 64-Bit Server VM (25.51-b03 mixed mode windows-amd64 compressed oops)
Heap:
 garbage-first heap   total 1867776K, used 739628K [0x0000000080000000, 0x00000000820001c8, 0x0000000100000000)
  region size 32768K, 11 young (360448K), 4 survivors (131072K)
 Metaspace       used 79458K, capacity 89899K, committed 90112K, reserved 1126400K
  class space    used 11176K, capacity 13601K, committed 13620K, reserved 1048576K
GC Heap History (10 events):
Event: 28.208 GC heap before
{Heap before GC invocations=85 (full 0):
 garbage-first heap   total 1867776K, used 1345041K [0x0000000080000000, 0x00000000820001c8, 0x0000000100000000)
  region size 32768K, 32 young (1048576K), 3 survivors (98304K)
 Metaspace       used 58849K, capacity 64349K, committed 64384K, reserved 1103872K
  class space    used 8170K, capacity 9627K, committed 9652K, reserved 1048576K
Event: 28.236 GC heap after
Heap after GC invocations=86 (full 0):
 garbage-first heap   total 1867776K, used 386597K [0x0000000080000000, 0x00000000820001c8, 0x0000000100000000)
  region size 32768K, 2 young (65536K), 2 survivors (65536K)
 Metaspace       used 58849K, capacity 64349K, committed 64384K, reserved 1103872K
  class space    used 8170K, capacity 9627K, committed 9652K, reserved 1048576K
}
Event: 29.178 GC heap before
{Heap before GC invocations=86 (full 0):
 garbage-first heap   total 1867776K, used 1402405K [0x0000000080000000, 0x00000000820001c8, 0x0000000100000000)
  region size 32768K, 33 young (1081344K), 2 survivors (65536K)
 Metaspace       used 58873K, capacity 64349K, committed 64384K, reserved 1103872K
  class space    used 8170K, capacity 9627K, committed 9652K, reserved 1048576K
Event: 29.207 GC heap after
Heap after GC invocations=87 (full 0):
 garbage-first heap   total 1867776K, used 389123K [0x0000000080000000, 0x00000000820001c8, 0x0000000100000000)
  region size 32768K, 2 young (65536K), 2 survivors (65536K)
 Metaspace       used 58873K, capacity 64349K, committed 64384K, reserved 1103872K
  class space    used 8170K, capacity 9627K, committed 9652K, reserved 1048576K
}
Event: 29.462 GC heap before
{Heap before GC invocations=87 (full 0):
 garbage-first heap   total 1867776K, used 421891K [0x0000000080000000, 0x00000000820001c8, 0x0000000100000000)
  region size 32768K, 4 young (131072K), 2 survivors (65536K)
 Metaspace       used 58984K, capacity 64439K, committed 64640K, reserved 1103872K
  class space    used 8184K, capacity 9636K, committed 9652K, reserved 1048576K
Event: 29.491 GC heap after
Heap after GC invocations=88 (full 0):
 garbage-first heap   total 1867776K, used 400334K [0x0000000080000000, 0x00000000820001c8, 0x0000000100000000)
  region size 32768K, 2 young (65536K), 2 survivors (65536K)
 Metaspace       used 58984K, capacity 64439K, committed 64640K, reserved 1103872K
  class space    used 8184K, capacity 9636K, committed 9652K, reserved 1048576K
}
Event: 48.910 GC heap before
{Heap before GC invocations=89 (full 0):
 garbage-first heap   total 1867776K, used 1383374K [0x0000000080000000, 0x00000000820001c8, 0x0000000100000000)
  region size 32768K, 32 young (1048576K), 2 survivors (65536K)
 Metaspace       used 66179K, capacity 73965K, committed 74112K, reserved 1112064K
  class space    used 9373K, capacity 11327K, committed 11444K, reserved 1048576K
Event: 48.954 GC heap after
Heap after GC invocations=90 (full 0):
 garbage-first heap   total 1867776K, used 419415K [0x0000000080000000, 0x00000000820001c8, 0x0000000100000000)
  region size 32768K, 2 young (65536K), 2 survivors (65536K)
 Metaspace       used 66179K, capacity 73965K, committed 74112K, reserved 1112064K
  class space    used 9373K, capacity 11327K, committed 11444K, reserved 1048576K
}
Event: 57.581 GC heap before
{Heap before GC invocations=91 (full 0):
 garbage-first heap   total 1867776K, used 1369687K [0x0000000080000000, 0x00000000820001c8, 0x0000000100000000)
  region size 32768K, 31 young (1015808K), 2 survivors (65536K)
 Metaspace       used 79012K, capacity 89265K, committed 89472K, reserved 1126400K
  class space    used 11099K, capacity 13490K, committed 13492K, reserved 1048576K
Event: 57.706 GC heap after
Heap after GC invocations=92 (full 0):
 garbage-first heap   total 1867776K, used 543020K [0x0000000080000000, 0x00000000820001c8, 0x0000000100000000)
  region size 32768K, 4 young (131072K), 4 survivors (131072K)
 Metaspace       used 79012K, capacity 89265K, committed 89472K, reserved 1126400K
  class space    used 11099K, capacity 13490K, committed 13492K, reserved 1048576K
}

